c:\users\administrator\desktop\cg2_pvl04\build\vc-v141-win32\cg2application\debug\vc141.pdb
c:\users\administrator\desktop\cg2_pvl04\build\vc-v141-win32\cg2application\debug\vc141.idb
c:\users\administrator\desktop\cg2_pvl04\build\vc-v141-win32\cg2application\debug\cg2application.obj
c:\users\administrator\desktop\cg2_pvl04\build\vc-v141-win32\cg2application\debug\shader_compositor.obj
c:\users\administrator\desktop\cg2_pvl04\build\vc-v141-win32\cg2application\debug\u08postprocessing.obj
c:\users\administrator\desktop\cg2_pvl04\build\vc-v141-win32\cg2application\debug\u09shadowmapping.obj
c:\users\administrator\desktop\cg2_pvl04\build\vc-v141-win32\cg2application\debug\util.obj
c:\users\administrator\desktop\cg2_pvl04\build\vc-v141-win32\cg2application\debug\glfw_backend.obj
c:\users\administrator\desktop\cg2_pvl04\build\vc-v141-win32\cg2application\debug\geometry.obj
c:\users\administrator\desktop\cg2_pvl04\build\vc-v141-win32\cg2application\debug\scene.obj
c:\users\administrator\desktop\cg2_pvl04\build\vc-v141-win32\cg2application\debug\camera.obj
c:\users\administrator\desktop\cg2_pvl04\build\vc-v141-win32\cg2application\debug\object.obj
c:\users\administrator\desktop\cg2_pvl04\build\vc-v141-win32\cg2application\debug\lights.obj
c:\users\administrator\desktop\cg2_pvl04\build\vc-v141-win32\cg2application\debug\image.obj
c:\users\administrator\desktop\cg2_pvl04\build\vc-v141-win32\cg2application\debug\texture.obj
c:\users\administrator\desktop\cg2_pvl04\build\vc-v141-win32\cg2application\debug\vd.obj
c:\users\administrator\desktop\cg2_pvl04\build\vc-v141-win32\cg2application\debug\glad.obj
c:\users\administrator\desktop\cg2_pvl04\build\vc-v141-win32\cg2application\debug\cg2application.exe
c:\users\administrator\desktop\cg2_pvl04\build\vc-v141-win32\cg2application\debug\cg2application.ilk
c:\users\administrator\desktop\cg2_pvl04\build\vc-v141-win32\cg2application\debug\cg2application.pdb
c:\users\administrator\desktop\cg2_pvl04\build\vc-v141-win32\cg2application\debug\cg2application.tlog\cl.command.1.tlog
c:\users\administrator\desktop\cg2_pvl04\build\vc-v141-win32\cg2application\debug\cg2application.tlog\cl.read.1.tlog
c:\users\administrator\desktop\cg2_pvl04\build\vc-v141-win32\cg2application\debug\cg2application.tlog\cl.write.1.tlog
c:\users\administrator\desktop\cg2_pvl04\build\vc-v141-win32\cg2application\debug\cg2application.tlog\link.command.1.tlog
c:\users\administrator\desktop\cg2_pvl04\build\vc-v141-win32\cg2application\debug\cg2application.tlog\link.read.1.tlog
c:\users\administrator\desktop\cg2_pvl04\build\vc-v141-win32\cg2application\debug\cg2application.tlog\link.write.1.tlog
